非终结语词在文法中无用

   non_mt_relattr_list


终端机在文法中未使用

   NOTOKEN


语法中的规则无效

   97 non_mt_relattr_list: relattr ',' non_mt_relattr_list
   98                    | relattr


状态 111 冲突：2 项偏移/归约
状态 131 冲突：1 项归约/归约


语法

    0 $accept: start $end

    1 start: command ';'
    2      | T_SHELL_CMD
    3      | error
    4      | T_EOF

    5 command: ddl
    6        | dml
    7        | utility
    8        | nothing

    9 ddl: createtable
   10    | createindex
   11    | droptable
   12    | dropindex

   13 dml: query
   14    | insert
   15    | delete
   16    | update

   17 utility: load
   18        | exit
   19        | set
   20        | help
   21        | print
   22        | buffer
   23        | statistics
   24        | queryplans

   25 queryplans: RW_QUERY_PLAN RW_ON
   26           | RW_QUERY_PLAN RW_OFF

   27 buffer: RW_RESET RW_BUFFER
   28       | RW_PRINT RW_BUFFER
   29       | RW_RESIZE RW_BUFFER T_INT

   30 statistics: RW_PRINT RW_IO
   31           | RW_RESET RW_IO

   32 createtable: RW_CREATE RW_TABLE T_STRING '(' non_mt_attrtype_list ')'

   33 createindex: RW_CREATE RW_INDEX T_STRING '(' T_STRING ')'

   34 droptable: RW_DROP RW_TABLE T_STRING

   35 dropindex: RW_DROP RW_INDEX T_STRING '(' T_STRING ')'

   36 load: RW_LOAD T_STRING '(' T_QSTRING ')'

   37 set: RW_SET T_STRING T_EQ T_QSTRING

   38 help: RW_HELP opt_relname

   39 print: RW_PRINT T_STRING

   40 exit: RW_EXIT

   41 query: RW_SELECT non_mt_select_clause RW_FROM non_mt_relation_list opt_where_clause opt_order_by_clause opt_group_by_clause
   42      | RW_SELECT non_mt_select_clause RW_FROM non_mt_relation_list opt_where_clause opt_group_by_clause opt_order_by_clause

   43 insert: RW_INSERT RW_INTO T_STRING RW_VALUES '(' non_mt_value_list ')'

   44 delete: RW_DELETE RW_FROM T_STRING opt_where_clause

   45 update: RW_UPDATE T_STRING RW_SET relattr T_EQ relattr_or_value opt_where_clause

   46 non_mt_attrtype_list: attrtype ',' non_mt_attrtype_list
   47                     | attrtype

   48 attrtype: T_STRING T_STRING

   49 non_mt_select_clause: non_mt_aggrelattr_list
   50                     | '*'

   51 non_mt_aggrelattr_list: aggrelattr ',' non_mt_aggrelattr_list
   52                       | aggrelattr

   53 aggrelattr: ammsc '(' T_STRING '.' T_STRING ')'
   54           | ammsc '(' T_STRING ')'
   55           | T_STRING '.' T_STRING
   56           | T_STRING
   57           | ammsc '(' '*' ')'

   58 ammsc: RW_AVG
   59      | RW_MAX
   60      | RW_MIN
   61      | RW_SUM
   62      | RW_COUNT

   63 relattr: T_STRING '.' T_STRING
   64        | T_STRING

   65 non_mt_relation_list: relation ',' non_mt_relation_list
   66                     | relation

   67 relation: T_STRING

   68 opt_where_clause: RW_WHERE non_mt_cond_list
   69                 | nothing

   70 opt_order_by_clause: nothing
   71                    | RW_ORDER RW_BY ordering_spec

   72 opt_group_by_clause: nothing
   73                    | RW_GROUP RW_BY relattr

   74 ordering_spec: relattr opt_asc_desc

   75 opt_asc_desc: RW_DESC
   76             | RW_ASC
   77             | nothing

   78 non_mt_cond_list: condition RW_AND non_mt_cond_list
   79                 | condition

   80 condition: relattr op relattr_or_value

   81 relattr_or_value: relattr
   82                 | value

   83 non_mt_value_list: value ',' non_mt_value_list
   84                  | value

   85 value: T_QSTRING
   86      | T_INT
   87      | T_REAL

   88 opt_relname: T_STRING
   89            | nothing

   90 op: T_LT
   91   | T_LE
   92   | T_GT
   93   | T_GE
   94   | T_EQ
   95   | T_NE

   96 nothing: %empty


终结语词，附有它们出现处的规则

$end (0) 0
'(' (40) 32 33 35 36 43 53 54 57
')' (41) 32 33 35 36 43 53 54 57
'*' (42) 50 57
',' (44) 46 51 65 83
'.' (46) 53 55 63
';' (59) 1
error (256) 3
RW_CREATE (258) 32 33
RW_DROP (259) 34 35
RW_TABLE (260) 32 34
RW_INDEX (261) 33 35
RW_LOAD (262) 36
RW_SET (263) 37 45
RW_HELP (264) 38
RW_PRINT (265) 28 30 39
RW_EXIT (266) 40
RW_SELECT (267) 41 42
RW_FROM (268) 41 42 44
RW_WHERE (269) 68
RW_ORDER (270) 71
RW_GROUP (271) 73
RW_MAX (272) 59
RW_MIN (273) 60
RW_SUM (274) 61
RW_AVG (275) 58
RW_COUNT (276) 62
RW_BY (277) 71 73
RW_DESC (278) 75
RW_ASC (279) 76
RW_INSERT (280) 43
RW_DELETE (281) 44
RW_UPDATE (282) 45
RW_AND (283) 78
RW_INTO (284) 43
RW_VALUES (285) 43
T_EQ (286) 37 45 94
T_LT (287) 90
T_LE (288) 91
T_GT (289) 92
T_GE (290) 93
T_NE (291) 95
T_EOF (292) 4
NOTOKEN (293)
RW_RESET (294) 27 31
RW_IO (295) 30 31
RW_BUFFER (296) 27 28 29
RW_RESIZE (297) 29
RW_QUERY_PLAN (298) 25 26
RW_ON (299) 25
RW_OFF (300) 26
T_INT (301) 29 86
T_REAL (302) 87
T_STRING (303) 32 33 34 35 36 37 39 43 44 45 48 53 54 55 56 63 64 67
    88
T_QSTRING (304) 36 37 85
T_SHELL_CMD (305) 2


非终结语词，附有它们出现处的规则

$accept (57)
    on left: 0
start (58)
    on left: 1 2 3 4, on right: 0
command (59)
    on left: 5 6 7 8, on right: 1
ddl (60)
    on left: 9 10 11 12, on right: 5
dml (61)
    on left: 13 14 15 16, on right: 6
utility (62)
    on left: 17 18 19 20 21 22 23 24, on right: 7
queryplans (63)
    on left: 25 26, on right: 24
buffer (64)
    on left: 27 28 29, on right: 22
statistics (65)
    on left: 30 31, on right: 23
createtable (66)
    on left: 32, on right: 9
createindex (67)
    on left: 33, on right: 10
droptable (68)
    on left: 34, on right: 11
dropindex (69)
    on left: 35, on right: 12
load (70)
    on left: 36, on right: 17
set (71)
    on left: 37, on right: 19
help (72)
    on left: 38, on right: 20
print (73)
    on left: 39, on right: 21
exit (74)
    on left: 40, on right: 18
query (75)
    on left: 41 42, on right: 13
insert (76)
    on left: 43, on right: 14
delete (77)
    on left: 44, on right: 15
update (78)
    on left: 45, on right: 16
non_mt_attrtype_list (79)
    on left: 46 47, on right: 32 46
attrtype (80)
    on left: 48, on right: 46 47
non_mt_select_clause (81)
    on left: 49 50, on right: 41 42
non_mt_aggrelattr_list (82)
    on left: 51 52, on right: 49 51
aggrelattr (83)
    on left: 53 54 55 56 57, on right: 51 52
ammsc (84)
    on left: 58 59 60 61 62, on right: 53 54 57
relattr (85)
    on left: 63 64, on right: 45 73 74 80 81
non_mt_relation_list (86)
    on left: 65 66, on right: 41 42 65
relation (87)
    on left: 67, on right: 65 66
opt_where_clause (88)
    on left: 68 69, on right: 41 42 44 45
opt_order_by_clause (89)
    on left: 70 71, on right: 41 42
opt_group_by_clause (90)
    on left: 72 73, on right: 41 42
ordering_spec (91)
    on left: 74, on right: 71
opt_asc_desc (92)
    on left: 75 76 77, on right: 74
non_mt_cond_list (93)
    on left: 78 79, on right: 68 78
condition (94)
    on left: 80, on right: 78 79
relattr_or_value (95)
    on left: 81 82, on right: 45 80
non_mt_value_list (96)
    on left: 83 84, on right: 43 83
value (97)
    on left: 85 86 87, on right: 82 83 84
opt_relname (98)
    on left: 88 89, on right: 38
op (99)
    on left: 90 91 92 93 94 95, on right: 80
nothing (100)
    on left: 96, on right: 8 69 70 72 77 89


状态 0

    0 $accept: . start $end

    error          偏移，并进入状态 1
    RW_CREATE      偏移，并进入状态 2
    RW_DROP        偏移，并进入状态 3
    RW_LOAD        偏移，并进入状态 4
    RW_SET         偏移，并进入状态 5
    RW_HELP        偏移，并进入状态 6
    RW_PRINT       偏移，并进入状态 7
    RW_EXIT        偏移，并进入状态 8
    RW_SELECT      偏移，并进入状态 9
    RW_INSERT      偏移，并进入状态 10
    RW_DELETE      偏移，并进入状态 11
    RW_UPDATE      偏移，并进入状态 12
    T_EOF          偏移，并进入状态 13
    RW_RESET       偏移，并进入状态 14
    RW_RESIZE      偏移，并进入状态 15
    RW_QUERY_PLAN  偏移，并进入状态 16
    T_SHELL_CMD    偏移，并进入状态 17

    ';'  使用规则 96 以归约 (nothing)

    start        转到状态 18
    command      转到状态 19
    ddl          转到状态 20
    dml          转到状态 21
    utility      转到状态 22
    queryplans   转到状态 23
    buffer       转到状态 24
    statistics   转到状态 25
    createtable  转到状态 26
    createindex  转到状态 27
    droptable    转到状态 28
    dropindex    转到状态 29
    load         转到状态 30
    set          转到状态 31
    help         转到状态 32
    print        转到状态 33
    exit         转到状态 34
    query        转到状态 35
    insert       转到状态 36
    delete       转到状态 37
    update       转到状态 38
    nothing      转到状态 39


状态 1

    3 start: error .

    $default  使用规则 3 以归约 (start)


状态 2

   32 createtable: RW_CREATE . RW_TABLE T_STRING '(' non_mt_attrtype_list ')'
   33 createindex: RW_CREATE . RW_INDEX T_STRING '(' T_STRING ')'

    RW_TABLE  偏移，并进入状态 40
    RW_INDEX  偏移，并进入状态 41


状态 3

   34 droptable: RW_DROP . RW_TABLE T_STRING
   35 dropindex: RW_DROP . RW_INDEX T_STRING '(' T_STRING ')'

    RW_TABLE  偏移，并进入状态 42
    RW_INDEX  偏移，并进入状态 43


状态 4

   36 load: RW_LOAD . T_STRING '(' T_QSTRING ')'

    T_STRING  偏移，并进入状态 44


状态 5

   37 set: RW_SET . T_STRING T_EQ T_QSTRING

    T_STRING  偏移，并进入状态 45


状态 6

   38 help: RW_HELP . opt_relname

    T_STRING  偏移，并进入状态 46

    $default  使用规则 96 以归约 (nothing)

    opt_relname  转到状态 47
    nothing      转到状态 48


状态 7

   28 buffer: RW_PRINT . RW_BUFFER
   30 statistics: RW_PRINT . RW_IO
   39 print: RW_PRINT . T_STRING

    RW_IO      偏移，并进入状态 49
    RW_BUFFER  偏移，并进入状态 50
    T_STRING   偏移，并进入状态 51


状态 8

   40 exit: RW_EXIT .

    $default  使用规则 40 以归约 (exit)


状态 9

   41 query: RW_SELECT . non_mt_select_clause RW_FROM non_mt_relation_list opt_where_clause opt_order_by_clause opt_group_by_clause
   42      | RW_SELECT . non_mt_select_clause RW_FROM non_mt_relation_list opt_where_clause opt_group_by_clause opt_order_by_clause

    RW_MAX    偏移，并进入状态 52
    RW_MIN    偏移，并进入状态 53
    RW_SUM    偏移，并进入状态 54
    RW_AVG    偏移，并进入状态 55
    RW_COUNT  偏移，并进入状态 56
    T_STRING  偏移，并进入状态 57
    '*'       偏移，并进入状态 58

    non_mt_select_clause    转到状态 59
    non_mt_aggrelattr_list  转到状态 60
    aggrelattr              转到状态 61
    ammsc                   转到状态 62


状态 10

   43 insert: RW_INSERT . RW_INTO T_STRING RW_VALUES '(' non_mt_value_list ')'

    RW_INTO  偏移，并进入状态 63


状态 11

   44 delete: RW_DELETE . RW_FROM T_STRING opt_where_clause

    RW_FROM  偏移，并进入状态 64


状态 12

   45 update: RW_UPDATE . T_STRING RW_SET relattr T_EQ relattr_or_value opt_where_clause

    T_STRING  偏移，并进入状态 65


状态 13

    4 start: T_EOF .

    $default  使用规则 4 以归约 (start)


状态 14

   27 buffer: RW_RESET . RW_BUFFER
   31 statistics: RW_RESET . RW_IO

    RW_IO      偏移，并进入状态 66
    RW_BUFFER  偏移，并进入状态 67


状态 15

   29 buffer: RW_RESIZE . RW_BUFFER T_INT

    RW_BUFFER  偏移，并进入状态 68


状态 16

   25 queryplans: RW_QUERY_PLAN . RW_ON
   26           | RW_QUERY_PLAN . RW_OFF

    RW_ON   偏移，并进入状态 69
    RW_OFF  偏移，并进入状态 70


状态 17

    2 start: T_SHELL_CMD .

    $default  使用规则 2 以归约 (start)


状态 18

    0 $accept: start . $end

    $end  偏移，并进入状态 71


状态 19

    1 start: command . ';'

    ';'  偏移，并进入状态 72


状态 20

    5 command: ddl .

    $default  使用规则 5 以归约 (command)


状态 21

    6 command: dml .

    $default  使用规则 6 以归约 (command)


状态 22

    7 command: utility .

    $default  使用规则 7 以归约 (command)


状态 23

   24 utility: queryplans .

    $default  使用规则 24 以归约 (utility)


状态 24

   22 utility: buffer .

    $default  使用规则 22 以归约 (utility)


状态 25

   23 utility: statistics .

    $default  使用规则 23 以归约 (utility)


状态 26

    9 ddl: createtable .

    $default  使用规则 9 以归约 (ddl)


状态 27

   10 ddl: createindex .

    $default  使用规则 10 以归约 (ddl)


状态 28

   11 ddl: droptable .

    $default  使用规则 11 以归约 (ddl)


状态 29

   12 ddl: dropindex .

    $default  使用规则 12 以归约 (ddl)


状态 30

   17 utility: load .

    $default  使用规则 17 以归约 (utility)


状态 31

   19 utility: set .

    $default  使用规则 19 以归约 (utility)


状态 32

   20 utility: help .

    $default  使用规则 20 以归约 (utility)


状态 33

   21 utility: print .

    $default  使用规则 21 以归约 (utility)


状态 34

   18 utility: exit .

    $default  使用规则 18 以归约 (utility)


状态 35

   13 dml: query .

    $default  使用规则 13 以归约 (dml)


状态 36

   14 dml: insert .

    $default  使用规则 14 以归约 (dml)


状态 37

   15 dml: delete .

    $default  使用规则 15 以归约 (dml)


状态 38

   16 dml: update .

    $default  使用规则 16 以归约 (dml)


状态 39

    8 command: nothing .

    $default  使用规则 8 以归约 (command)


状态 40

   32 createtable: RW_CREATE RW_TABLE . T_STRING '(' non_mt_attrtype_list ')'

    T_STRING  偏移，并进入状态 73


状态 41

   33 createindex: RW_CREATE RW_INDEX . T_STRING '(' T_STRING ')'

    T_STRING  偏移，并进入状态 74


状态 42

   34 droptable: RW_DROP RW_TABLE . T_STRING

    T_STRING  偏移，并进入状态 75


状态 43

   35 dropindex: RW_DROP RW_INDEX . T_STRING '(' T_STRING ')'

    T_STRING  偏移，并进入状态 76


状态 44

   36 load: RW_LOAD T_STRING . '(' T_QSTRING ')'

    '('  偏移，并进入状态 77


状态 45

   37 set: RW_SET T_STRING . T_EQ T_QSTRING

    T_EQ  偏移，并进入状态 78


状态 46

   88 opt_relname: T_STRING .

    $default  使用规则 88 以归约 (opt_relname)


状态 47

   38 help: RW_HELP opt_relname .

    $default  使用规则 38 以归约 (help)


状态 48

   89 opt_relname: nothing .

    $default  使用规则 89 以归约 (opt_relname)


状态 49

   30 statistics: RW_PRINT RW_IO .

    $default  使用规则 30 以归约 (statistics)


状态 50

   28 buffer: RW_PRINT RW_BUFFER .

    $default  使用规则 28 以归约 (buffer)


状态 51

   39 print: RW_PRINT T_STRING .

    $default  使用规则 39 以归约 (print)


状态 52

   59 ammsc: RW_MAX .

    $default  使用规则 59 以归约 (ammsc)


状态 53

   60 ammsc: RW_MIN .

    $default  使用规则 60 以归约 (ammsc)


状态 54

   61 ammsc: RW_SUM .

    $default  使用规则 61 以归约 (ammsc)


状态 55

   58 ammsc: RW_AVG .

    $default  使用规则 58 以归约 (ammsc)


状态 56

   62 ammsc: RW_COUNT .

    $default  使用规则 62 以归约 (ammsc)


状态 57

   55 aggrelattr: T_STRING . '.' T_STRING
   56           | T_STRING .

    '.'  偏移，并进入状态 79

    $default  使用规则 56 以归约 (aggrelattr)


状态 58

   50 non_mt_select_clause: '*' .

    $default  使用规则 50 以归约 (non_mt_select_clause)


状态 59

   41 query: RW_SELECT non_mt_select_clause . RW_FROM non_mt_relation_list opt_where_clause opt_order_by_clause opt_group_by_clause
   42      | RW_SELECT non_mt_select_clause . RW_FROM non_mt_relation_list opt_where_clause opt_group_by_clause opt_order_by_clause

    RW_FROM  偏移，并进入状态 80


状态 60

   49 non_mt_select_clause: non_mt_aggrelattr_list .

    $default  使用规则 49 以归约 (non_mt_select_clause)


状态 61

   51 non_mt_aggrelattr_list: aggrelattr . ',' non_mt_aggrelattr_list
   52                       | aggrelattr .

    ','  偏移，并进入状态 81

    $default  使用规则 52 以归约 (non_mt_aggrelattr_list)


状态 62

   53 aggrelattr: ammsc . '(' T_STRING '.' T_STRING ')'
   54           | ammsc . '(' T_STRING ')'
   57           | ammsc . '(' '*' ')'

    '('  偏移，并进入状态 82


状态 63

   43 insert: RW_INSERT RW_INTO . T_STRING RW_VALUES '(' non_mt_value_list ')'

    T_STRING  偏移，并进入状态 83


状态 64

   44 delete: RW_DELETE RW_FROM . T_STRING opt_where_clause

    T_STRING  偏移，并进入状态 84


状态 65

   45 update: RW_UPDATE T_STRING . RW_SET relattr T_EQ relattr_or_value opt_where_clause

    RW_SET  偏移，并进入状态 85


状态 66

   31 statistics: RW_RESET RW_IO .

    $default  使用规则 31 以归约 (statistics)


状态 67

   27 buffer: RW_RESET RW_BUFFER .

    $default  使用规则 27 以归约 (buffer)


状态 68

   29 buffer: RW_RESIZE RW_BUFFER . T_INT

    T_INT  偏移，并进入状态 86


状态 69

   25 queryplans: RW_QUERY_PLAN RW_ON .

    $default  使用规则 25 以归约 (queryplans)


状态 70

   26 queryplans: RW_QUERY_PLAN RW_OFF .

    $default  使用规则 26 以归约 (queryplans)


状态 71

    0 $accept: start $end .

    $default  接受


状态 72

    1 start: command ';' .

    $default  使用规则 1 以归约 (start)


状态 73

   32 createtable: RW_CREATE RW_TABLE T_STRING . '(' non_mt_attrtype_list ')'

    '('  偏移，并进入状态 87


状态 74

   33 createindex: RW_CREATE RW_INDEX T_STRING . '(' T_STRING ')'

    '('  偏移，并进入状态 88


状态 75

   34 droptable: RW_DROP RW_TABLE T_STRING .

    $default  使用规则 34 以归约 (droptable)


状态 76

   35 dropindex: RW_DROP RW_INDEX T_STRING . '(' T_STRING ')'

    '('  偏移，并进入状态 89


状态 77

   36 load: RW_LOAD T_STRING '(' . T_QSTRING ')'

    T_QSTRING  偏移，并进入状态 90


状态 78

   37 set: RW_SET T_STRING T_EQ . T_QSTRING

    T_QSTRING  偏移，并进入状态 91


状态 79

   55 aggrelattr: T_STRING '.' . T_STRING

    T_STRING  偏移，并进入状态 92


状态 80

   41 query: RW_SELECT non_mt_select_clause RW_FROM . non_mt_relation_list opt_where_clause opt_order_by_clause opt_group_by_clause
   42      | RW_SELECT non_mt_select_clause RW_FROM . non_mt_relation_list opt_where_clause opt_group_by_clause opt_order_by_clause

    T_STRING  偏移，并进入状态 93

    non_mt_relation_list  转到状态 94
    relation              转到状态 95


状态 81

   51 non_mt_aggrelattr_list: aggrelattr ',' . non_mt_aggrelattr_list

    RW_MAX    偏移，并进入状态 52
    RW_MIN    偏移，并进入状态 53
    RW_SUM    偏移，并进入状态 54
    RW_AVG    偏移，并进入状态 55
    RW_COUNT  偏移，并进入状态 56
    T_STRING  偏移，并进入状态 57

    non_mt_aggrelattr_list  转到状态 96
    aggrelattr              转到状态 61
    ammsc                   转到状态 62


状态 82

   53 aggrelattr: ammsc '(' . T_STRING '.' T_STRING ')'
   54           | ammsc '(' . T_STRING ')'
   57           | ammsc '(' . '*' ')'

    T_STRING  偏移，并进入状态 97
    '*'       偏移，并进入状态 98


状态 83

   43 insert: RW_INSERT RW_INTO T_STRING . RW_VALUES '(' non_mt_value_list ')'

    RW_VALUES  偏移，并进入状态 99


状态 84

   44 delete: RW_DELETE RW_FROM T_STRING . opt_where_clause

    RW_WHERE  偏移，并进入状态 100

    $default  使用规则 96 以归约 (nothing)

    opt_where_clause  转到状态 101
    nothing           转到状态 102


状态 85

   45 update: RW_UPDATE T_STRING RW_SET . relattr T_EQ relattr_or_value opt_where_clause

    T_STRING  偏移，并进入状态 103

    relattr  转到状态 104


状态 86

   29 buffer: RW_RESIZE RW_BUFFER T_INT .

    $default  使用规则 29 以归约 (buffer)


状态 87

   32 createtable: RW_CREATE RW_TABLE T_STRING '(' . non_mt_attrtype_list ')'

    T_STRING  偏移，并进入状态 105

    non_mt_attrtype_list  转到状态 106
    attrtype              转到状态 107


状态 88

   33 createindex: RW_CREATE RW_INDEX T_STRING '(' . T_STRING ')'

    T_STRING  偏移，并进入状态 108


状态 89

   35 dropindex: RW_DROP RW_INDEX T_STRING '(' . T_STRING ')'

    T_STRING  偏移，并进入状态 109


状态 90

   36 load: RW_LOAD T_STRING '(' T_QSTRING . ')'

    ')'  偏移，并进入状态 110


状态 91

   37 set: RW_SET T_STRING T_EQ T_QSTRING .

    $default  使用规则 37 以归约 (set)


状态 92

   55 aggrelattr: T_STRING '.' T_STRING .

    $default  使用规则 55 以归约 (aggrelattr)


状态 93

   67 relation: T_STRING .

    $default  使用规则 67 以归约 (relation)


状态 94

   41 query: RW_SELECT non_mt_select_clause RW_FROM non_mt_relation_list . opt_where_clause opt_order_by_clause opt_group_by_clause
   42      | RW_SELECT non_mt_select_clause RW_FROM non_mt_relation_list . opt_where_clause opt_group_by_clause opt_order_by_clause

    RW_WHERE  偏移，并进入状态 100

    $default  使用规则 96 以归约 (nothing)

    opt_where_clause  转到状态 111
    nothing           转到状态 102


状态 95

   65 non_mt_relation_list: relation . ',' non_mt_relation_list
   66                     | relation .

    ','  偏移，并进入状态 112

    $default  使用规则 66 以归约 (non_mt_relation_list)


状态 96

   51 non_mt_aggrelattr_list: aggrelattr ',' non_mt_aggrelattr_list .

    $default  使用规则 51 以归约 (non_mt_aggrelattr_list)


状态 97

   53 aggrelattr: ammsc '(' T_STRING . '.' T_STRING ')'
   54           | ammsc '(' T_STRING . ')'

    ')'  偏移，并进入状态 113
    '.'  偏移，并进入状态 114


状态 98

   57 aggrelattr: ammsc '(' '*' . ')'

    ')'  偏移，并进入状态 115


状态 99

   43 insert: RW_INSERT RW_INTO T_STRING RW_VALUES . '(' non_mt_value_list ')'

    '('  偏移，并进入状态 116


状态 100

   68 opt_where_clause: RW_WHERE . non_mt_cond_list

    T_STRING  偏移，并进入状态 103

    relattr           转到状态 117
    non_mt_cond_list  转到状态 118
    condition         转到状态 119


状态 101

   44 delete: RW_DELETE RW_FROM T_STRING opt_where_clause .

    $default  使用规则 44 以归约 (delete)


状态 102

   69 opt_where_clause: nothing .

    $default  使用规则 69 以归约 (opt_where_clause)


状态 103

   63 relattr: T_STRING . '.' T_STRING
   64        | T_STRING .

    '.'  偏移，并进入状态 120

    $default  使用规则 64 以归约 (relattr)


状态 104

   45 update: RW_UPDATE T_STRING RW_SET relattr . T_EQ relattr_or_value opt_where_clause

    T_EQ  偏移，并进入状态 121


状态 105

   48 attrtype: T_STRING . T_STRING

    T_STRING  偏移，并进入状态 122


状态 106

   32 createtable: RW_CREATE RW_TABLE T_STRING '(' non_mt_attrtype_list . ')'

    ')'  偏移，并进入状态 123


状态 107

   46 non_mt_attrtype_list: attrtype . ',' non_mt_attrtype_list
   47                     | attrtype .

    ','  偏移，并进入状态 124

    $default  使用规则 47 以归约 (non_mt_attrtype_list)


状态 108

   33 createindex: RW_CREATE RW_INDEX T_STRING '(' T_STRING . ')'

    ')'  偏移，并进入状态 125


状态 109

   35 dropindex: RW_DROP RW_INDEX T_STRING '(' T_STRING . ')'

    ')'  偏移，并进入状态 126


状态 110

   36 load: RW_LOAD T_STRING '(' T_QSTRING ')' .

    $default  使用规则 36 以归约 (load)


状态 111

   41 query: RW_SELECT non_mt_select_clause RW_FROM non_mt_relation_list opt_where_clause . opt_order_by_clause opt_group_by_clause
   42      | RW_SELECT non_mt_select_clause RW_FROM non_mt_relation_list opt_where_clause . opt_group_by_clause opt_order_by_clause

    RW_ORDER  偏移，并进入状态 127
    RW_GROUP  偏移，并进入状态 128

    RW_ORDER  [使用规则 96 以归约 (nothing)]
    RW_GROUP  [使用规则 96 以归约 (nothing)]
    $default  使用规则 96 以归约 (nothing)

    opt_order_by_clause  转到状态 129
    opt_group_by_clause  转到状态 130
    nothing              转到状态 131


状态 112

   65 non_mt_relation_list: relation ',' . non_mt_relation_list

    T_STRING  偏移，并进入状态 93

    non_mt_relation_list  转到状态 132
    relation              转到状态 95


状态 113

   54 aggrelattr: ammsc '(' T_STRING ')' .

    $default  使用规则 54 以归约 (aggrelattr)


状态 114

   53 aggrelattr: ammsc '(' T_STRING '.' . T_STRING ')'

    T_STRING  偏移，并进入状态 133


状态 115

   57 aggrelattr: ammsc '(' '*' ')' .

    $default  使用规则 57 以归约 (aggrelattr)


状态 116

   43 insert: RW_INSERT RW_INTO T_STRING RW_VALUES '(' . non_mt_value_list ')'

    T_INT      偏移，并进入状态 134
    T_REAL     偏移，并进入状态 135
    T_QSTRING  偏移，并进入状态 136

    non_mt_value_list  转到状态 137
    value              转到状态 138


状态 117

   80 condition: relattr . op relattr_or_value

    T_EQ  偏移，并进入状态 139
    T_LT  偏移，并进入状态 140
    T_LE  偏移，并进入状态 141
    T_GT  偏移，并进入状态 142
    T_GE  偏移，并进入状态 143
    T_NE  偏移，并进入状态 144

    op  转到状态 145


状态 118

   68 opt_where_clause: RW_WHERE non_mt_cond_list .

    $default  使用规则 68 以归约 (opt_where_clause)


状态 119

   78 non_mt_cond_list: condition . RW_AND non_mt_cond_list
   79                 | condition .

    RW_AND  偏移，并进入状态 146

    $default  使用规则 79 以归约 (non_mt_cond_list)


状态 120

   63 relattr: T_STRING '.' . T_STRING

    T_STRING  偏移，并进入状态 147


状态 121

   45 update: RW_UPDATE T_STRING RW_SET relattr T_EQ . relattr_or_value opt_where_clause

    T_INT      偏移，并进入状态 134
    T_REAL     偏移，并进入状态 135
    T_STRING   偏移，并进入状态 103
    T_QSTRING  偏移，并进入状态 136

    relattr           转到状态 148
    relattr_or_value  转到状态 149
    value             转到状态 150


状态 122

   48 attrtype: T_STRING T_STRING .

    $default  使用规则 48 以归约 (attrtype)


状态 123

   32 createtable: RW_CREATE RW_TABLE T_STRING '(' non_mt_attrtype_list ')' .

    $default  使用规则 32 以归约 (createtable)


状态 124

   46 non_mt_attrtype_list: attrtype ',' . non_mt_attrtype_list

    T_STRING  偏移，并进入状态 105

    non_mt_attrtype_list  转到状态 151
    attrtype              转到状态 107


状态 125

   33 createindex: RW_CREATE RW_INDEX T_STRING '(' T_STRING ')' .

    $default  使用规则 33 以归约 (createindex)


状态 126

   35 dropindex: RW_DROP RW_INDEX T_STRING '(' T_STRING ')' .

    $default  使用规则 35 以归约 (dropindex)


状态 127

   71 opt_order_by_clause: RW_ORDER . RW_BY ordering_spec

    RW_BY  偏移，并进入状态 152


状态 128

   73 opt_group_by_clause: RW_GROUP . RW_BY relattr

    RW_BY  偏移，并进入状态 153


状态 129

   41 query: RW_SELECT non_mt_select_clause RW_FROM non_mt_relation_list opt_where_clause opt_order_by_clause . opt_group_by_clause

    RW_GROUP  偏移，并进入状态 128

    $default  使用规则 96 以归约 (nothing)

    opt_group_by_clause  转到状态 154
    nothing              转到状态 155


状态 130

   42 query: RW_SELECT non_mt_select_clause RW_FROM non_mt_relation_list opt_where_clause opt_group_by_clause . opt_order_by_clause

    RW_ORDER  偏移，并进入状态 127

    $default  使用规则 96 以归约 (nothing)

    opt_order_by_clause  转到状态 156
    nothing              转到状态 157


状态 131

   70 opt_order_by_clause: nothing .
   72 opt_group_by_clause: nothing .

    RW_ORDER  使用规则 72 以归约 (opt_group_by_clause)
    ';'       使用规则 70 以归约 (opt_order_by_clause)
    ';'       [使用规则 72 以归约 (opt_group_by_clause)]
    $default  使用规则 70 以归约 (opt_order_by_clause)


状态 132

   65 non_mt_relation_list: relation ',' non_mt_relation_list .

    $default  使用规则 65 以归约 (non_mt_relation_list)


状态 133

   53 aggrelattr: ammsc '(' T_STRING '.' T_STRING . ')'

    ')'  偏移，并进入状态 158


状态 134

   86 value: T_INT .

    $default  使用规则 86 以归约 (value)


状态 135

   87 value: T_REAL .

    $default  使用规则 87 以归约 (value)


状态 136

   85 value: T_QSTRING .

    $default  使用规则 85 以归约 (value)


状态 137

   43 insert: RW_INSERT RW_INTO T_STRING RW_VALUES '(' non_mt_value_list . ')'

    ')'  偏移，并进入状态 159


状态 138

   83 non_mt_value_list: value . ',' non_mt_value_list
   84                  | value .

    ','  偏移，并进入状态 160

    $default  使用规则 84 以归约 (non_mt_value_list)


状态 139

   94 op: T_EQ .

    $default  使用规则 94 以归约 (op)


状态 140

   90 op: T_LT .

    $default  使用规则 90 以归约 (op)


状态 141

   91 op: T_LE .

    $default  使用规则 91 以归约 (op)


状态 142

   92 op: T_GT .

    $default  使用规则 92 以归约 (op)


状态 143

   93 op: T_GE .

    $default  使用规则 93 以归约 (op)


状态 144

   95 op: T_NE .

    $default  使用规则 95 以归约 (op)


状态 145

   80 condition: relattr op . relattr_or_value

    T_INT      偏移，并进入状态 134
    T_REAL     偏移，并进入状态 135
    T_STRING   偏移，并进入状态 103
    T_QSTRING  偏移，并进入状态 136

    relattr           转到状态 148
    relattr_or_value  转到状态 161
    value             转到状态 150


状态 146

   78 non_mt_cond_list: condition RW_AND . non_mt_cond_list

    T_STRING  偏移，并进入状态 103

    relattr           转到状态 117
    non_mt_cond_list  转到状态 162
    condition         转到状态 119


状态 147

   63 relattr: T_STRING '.' T_STRING .

    $default  使用规则 63 以归约 (relattr)


状态 148

   81 relattr_or_value: relattr .

    $default  使用规则 81 以归约 (relattr_or_value)


状态 149

   45 update: RW_UPDATE T_STRING RW_SET relattr T_EQ relattr_or_value . opt_where_clause

    RW_WHERE  偏移，并进入状态 100

    $default  使用规则 96 以归约 (nothing)

    opt_where_clause  转到状态 163
    nothing           转到状态 102


状态 150

   82 relattr_or_value: value .

    $default  使用规则 82 以归约 (relattr_or_value)


状态 151

   46 non_mt_attrtype_list: attrtype ',' non_mt_attrtype_list .

    $default  使用规则 46 以归约 (non_mt_attrtype_list)


状态 152

   71 opt_order_by_clause: RW_ORDER RW_BY . ordering_spec

    T_STRING  偏移，并进入状态 103

    relattr        转到状态 164
    ordering_spec  转到状态 165


状态 153

   73 opt_group_by_clause: RW_GROUP RW_BY . relattr

    T_STRING  偏移，并进入状态 103

    relattr  转到状态 166


状态 154

   41 query: RW_SELECT non_mt_select_clause RW_FROM non_mt_relation_list opt_where_clause opt_order_by_clause opt_group_by_clause .

    $default  使用规则 41 以归约 (query)


状态 155

   72 opt_group_by_clause: nothing .

    $default  使用规则 72 以归约 (opt_group_by_clause)


状态 156

   42 query: RW_SELECT non_mt_select_clause RW_FROM non_mt_relation_list opt_where_clause opt_group_by_clause opt_order_by_clause .

    $default  使用规则 42 以归约 (query)


状态 157

   70 opt_order_by_clause: nothing .

    $default  使用规则 70 以归约 (opt_order_by_clause)


状态 158

   53 aggrelattr: ammsc '(' T_STRING '.' T_STRING ')' .

    $default  使用规则 53 以归约 (aggrelattr)


状态 159

   43 insert: RW_INSERT RW_INTO T_STRING RW_VALUES '(' non_mt_value_list ')' .

    $default  使用规则 43 以归约 (insert)


状态 160

   83 non_mt_value_list: value ',' . non_mt_value_list

    T_INT      偏移，并进入状态 134
    T_REAL     偏移，并进入状态 135
    T_QSTRING  偏移，并进入状态 136

    non_mt_value_list  转到状态 167
    value              转到状态 138


状态 161

   80 condition: relattr op relattr_or_value .

    $default  使用规则 80 以归约 (condition)


状态 162

   78 non_mt_cond_list: condition RW_AND non_mt_cond_list .

    $default  使用规则 78 以归约 (non_mt_cond_list)


状态 163

   45 update: RW_UPDATE T_STRING RW_SET relattr T_EQ relattr_or_value opt_where_clause .

    $default  使用规则 45 以归约 (update)


状态 164

   74 ordering_spec: relattr . opt_asc_desc

    RW_DESC  偏移，并进入状态 168
    RW_ASC   偏移，并进入状态 169

    $default  使用规则 96 以归约 (nothing)

    opt_asc_desc  转到状态 170
    nothing       转到状态 171


状态 165

   71 opt_order_by_clause: RW_ORDER RW_BY ordering_spec .

    $default  使用规则 71 以归约 (opt_order_by_clause)


状态 166

   73 opt_group_by_clause: RW_GROUP RW_BY relattr .

    $default  使用规则 73 以归约 (opt_group_by_clause)


状态 167

   83 non_mt_value_list: value ',' non_mt_value_list .

    $default  使用规则 83 以归约 (non_mt_value_list)


状态 168

   75 opt_asc_desc: RW_DESC .

    $default  使用规则 75 以归约 (opt_asc_desc)


状态 169

   76 opt_asc_desc: RW_ASC .

    $default  使用规则 76 以归约 (opt_asc_desc)


状态 170

   74 ordering_spec: relattr opt_asc_desc .

    $default  使用规则 74 以归约 (ordering_spec)


状态 171

   77 opt_asc_desc: nothing .

    $default  使用规则 77 以归约 (opt_asc_desc)
